Started GET "/" for 127.0.0.1 at 2017-07-23 16:59:24 +0900
Processing by ApplicationController#hello as HTML
  Rendering html template
  Rendered html template (0.0ms)
Completed 200 OK in 19ms (Views: 9.0ms | ActiveRecord: 0.0ms)


  [1m[35m (1.4ms)[0m  [1m[35mCREATE TABLE "schema_migrations" ("version" varchar NOT NULL PRIMARY KEY)[0m
  [1m[35m (0.8ms)[0m  [1m[35mCREATE TABLE "ar_internal_metadata" ("key" varchar NOT NULL PRIMARY KEY, "value" varchar, "created_at" datetime NOT NULL, "updated_at" datetime NOT NULL)[0m
  [1m[36mActiveRecord::SchemaMigration Load (0.1ms)[0m  [1m[34mSELECT "schema_migrations".* FROM "schema_migrations"[0m
Migrating to CreateUsers (20170723080511)
  [1m[35m (0.1ms)[0m  [1m[36mbegin transaction[0m
  [1m[35m (0.4ms)[0m  [1m[35mCREATE TABLE "users" ("id" INTEGER PRIMARY KEY AUTOINCREMENT NOT NULL, "name" varchar, "email" varchar, "created_at" datetime NOT NULL, "updated_at" datetime NOT NULL)[0m
  [1m[35mSQL (0.1ms)[0m  [1m[32mINSERT INTO "schema_migrations" ("version") VALUES (?)[0m  [["version", "20170723080511"]]
  [1m[35m (0.9ms)[0m  [1m[36mcommit transaction[0m
  [1m[36mActiveRecord::InternalMetadata Load (0.1ms)[0m  [1m[34mSELECT  "ar_internal_metadata".* FROM "ar_internal_metadata" WHERE "ar_internal_metadata"."key" = ? LIMIT ?[0m  [["key", "environment"], ["LIMIT", 1]]
  [1m[35m (0.1ms)[0m  [1m[36mbegin transaction[0m
  [1m[35mSQL (0.3ms)[0m  [1m[32mINSERT INTO "ar_internal_metadata" ("key", "value", "created_at", "updated_at") VALUES (?, ?, ?, ?)[0m  [["key", "environment"], ["value", "development"], ["created_at", "2017-07-23 08:09:51.013265"], ["updated_at", "2017-07-23 08:09:51.013265"]]
  [1m[35m (0.5ms)[0m  [1m[36mcommit transaction[0m
  [1m[36mActiveRecord::SchemaMigration Load (0.1ms)[0m  [1m[34mSELECT "schema_migrations".* FROM "schema_migrations"[0m
Started GET "/" for 127.0.0.1 at 2017-07-23 17:12:26 +0900
  [1m[36mActiveRecord::SchemaMigration Load (0.2ms)[0m  [1m[34mSELECT "schema_migrations".* FROM "schema_migrations"[0m
Processing by ApplicationController#hello as HTML
  Rendering html template
  Rendered html template (0.0ms)
Completed 200 OK in 22ms (Views: 14.5ms | ActiveRecord: 0.0ms)


Started GET "/users" for 127.0.0.1 at 2017-07-23 17:12:57 +0900
Processing by UsersController#index as HTML
  Rendering users/index.html.erb within layouts/application
  [1m[36mUser Load (0.5ms)[0m  [1m[34mSELECT "users".* FROM "users"[0m
  Rendered users/index.html.erb within layouts/application (4.1ms)
Completed 200 OK in 815ms (Views: 808.7ms | ActiveRecord: 0.7ms)


Started GET "/users/new" for 127.0.0.1 at 2017-07-23 17:13:00 +0900
Processing by UsersController#new as HTML
  Rendering users/new.html.erb within layouts/application
  Rendered users/_form.html.erb (23.9ms)
  Rendered users/new.html.erb within layouts/application (26.3ms)
Completed 200 OK in 62ms (Views: 48.3ms | ActiveRecord: 0.4ms)


Started GET "/users" for 127.0.0.1 at 2017-07-23 17:13:01 +0900
Processing by UsersController#index as HTML
  Rendering users/index.html.erb within layouts/application
  [1m[36mUser Load (0.3ms)[0m  [1m[34mSELECT "users".* FROM "users"[0m
  Rendered users/index.html.erb within layouts/application (9.6ms)
Completed 200 OK in 47ms (Views: 43.3ms | ActiveRecord: 0.3ms)


Started GET "/users/new" for 127.0.0.1 at 2017-07-23 17:15:14 +0900
Processing by UsersController#new as HTML
  Rendering users/new.html.erb within layouts/application
  Rendered users/_form.html.erb (3.1ms)
  Rendered users/new.html.erb within layouts/application (5.2ms)
Completed 200 OK in 39ms (Views: 37.3ms | ActiveRecord: 0.0ms)


Started POST "/users" for 127.0.0.1 at 2017-07-23 17:15:24 +0900
Processing by UsersController#create as HTML
  Parameters: {"utf8"=>"✓", "authenticity_token"=>"pcQG8gwo07k/MLN+SRCvPEfe4es243UTczqgy3REAyNCgEIeymsO+ErDpUiuoUDTrmPquTWFPLlNpZA4vyqoVw==", "user"=>{"name"=>"hoge", "email"=>"hoge@hoge.com"}, "commit"=>"Create User"}
  [1m[35m (0.1ms)[0m  [1m[36mbegin transaction[0m
  [1m[35mSQL (0.8ms)[0m  [1m[32mINSERT INTO "users" ("name", "email", "created_at", "updated_at") VALUES (?, ?, ?, ?)[0m  [["name", "hoge"], ["email", "hoge@hoge.com"], ["created_at", "2017-07-23 08:15:24.452712"], ["updated_at", "2017-07-23 08:15:24.452712"]]
  [1m[35m (0.6ms)[0m  [1m[36mcommit transaction[0m
Redirected to http://localhost:3000/users/1
Completed 302 Found in 6ms (ActiveRecord: 1.4ms)


Started GET "/users/1" for 127.0.0.1 at 2017-07-23 17:15:24 +0900
Processing by UsersController#show as HTML
  Parameters: {"id"=>"1"}
  [1m[36mUser Load (0.6ms)[0m  [1m[34mSELECT  "users".* FROM "users" WHERE "users"."id" = ? LIMIT ?[0m  [["id", 1], ["LIMIT", 1]]
  Rendering users/show.html.erb within layouts/application
  Rendered users/show.html.erb within layouts/application (1.0ms)
Completed 200 OK in 28ms (Views: 21.6ms | ActiveRecord: 0.6ms)


Started GET "/users" for 127.0.0.1 at 2017-07-23 17:15:34 +0900
Processing by UsersController#index as HTML
  Rendering users/index.html.erb within layouts/application
  [1m[36mUser Load (0.1ms)[0m  [1m[34mSELECT "users".* FROM "users"[0m
  Rendered users/index.html.erb within layouts/application (1.6ms)
Completed 200 OK in 24ms (Views: 22.5ms | ActiveRecord: 0.1ms)


Started GET "/users/1" for 127.0.0.1 at 2017-07-23 17:15:38 +0900
Processing by UsersController#show as HTML
  Parameters: {"id"=>"1"}
  [1m[36mUser Load (0.2ms)[0m  [1m[34mSELECT  "users".* FROM "users" WHERE "users"."id" = ? LIMIT ?[0m  [["id", 1], ["LIMIT", 1]]
  Rendering users/show.html.erb within layouts/application
  Rendered users/show.html.erb within layouts/application (0.9ms)
Completed 200 OK in 31ms (Views: 28.1ms | ActiveRecord: 0.2ms)


Started GET "/users/1" for 127.0.0.1 at 2017-07-23 17:15:42 +0900
Processing by UsersController#show as HTML
  Parameters: {"id"=>"1"}
  [1m[36mUser Load (0.3ms)[0m  [1m[34mSELECT  "users".* FROM "users" WHERE "users"."id" = ? LIMIT ?[0m  [["id", 1], ["LIMIT", 1]]
  Rendering users/show.html.erb within layouts/application
  Rendered users/show.html.erb within layouts/application (0.9ms)
Completed 200 OK in 24ms (Views: 20.8ms | ActiveRecord: 0.3ms)


Started GET "/users/1" for 127.0.0.1 at 2017-07-23 17:15:44 +0900
Processing by UsersController#show as HTML
  Parameters: {"id"=>"1"}
  [1m[36mUser Load (0.2ms)[0m  [1m[34mSELECT  "users".* FROM "users" WHERE "users"."id" = ? LIMIT ?[0m  [["id", 1], ["LIMIT", 1]]
  Rendering users/show.html.erb within layouts/application
  Rendered users/show.html.erb within layouts/application (0.8ms)
Completed 200 OK in 25ms (Views: 22.0ms | ActiveRecord: 0.2ms)


Started GET "/users" for 127.0.0.1 at 2017-07-23 17:15:47 +0900
Processing by UsersController#index as HTML
  Rendering users/index.html.erb within layouts/application
  [1m[36mUser Load (0.1ms)[0m  [1m[34mSELECT "users".* FROM "users"[0m
  Rendered users/index.html.erb within layouts/application (1.7ms)
Completed 200 OK in 21ms (Views: 19.4ms | ActiveRecord: 0.1ms)


Started GET "/users/new" for 127.0.0.1 at 2017-07-23 17:29:28 +0900
Processing by UsersController#new as HTML
  Rendering users/new.html.erb within layouts/application
  Rendered users/_form.html.erb (12.9ms)
  Rendered users/new.html.erb within layouts/application (19.1ms)
Completed 200 OK in 77ms (Views: 63.8ms | ActiveRecord: 0.0ms)


Started GET "/users" for 127.0.0.1 at 2017-07-23 17:29:30 +0900
Processing by UsersController#index as HTML
  Rendering users/index.html.erb within layouts/application
  [1m[36mUser Load (0.9ms)[0m  [1m[34mSELECT "users".* FROM "users"[0m
  Rendered users/index.html.erb within layouts/application (8.0ms)
Completed 200 OK in 39ms (Views: 34.8ms | ActiveRecord: 0.9ms)


Started GET "/users/1" for 127.0.0.1 at 2017-07-23 17:29:31 +0900
Processing by UsersController#show as HTML
  Parameters: {"id"=>"1"}
  [1m[36mUser Load (0.5ms)[0m  [1m[34mSELECT  "users".* FROM "users" WHERE "users"."id" = ? LIMIT ?[0m  [["id", 1], ["LIMIT", 1]]
  Rendering users/show.html.erb within layouts/application
  Rendered users/show.html.erb within layouts/application (2.1ms)
Completed 200 OK in 39ms (Views: 34.7ms | ActiveRecord: 0.5ms)


Started GET "/users" for 127.0.0.1 at 2017-07-23 17:29:32 +0900
Processing by UsersController#index as HTML
  Rendering users/index.html.erb within layouts/application
  [1m[36mUser Load (0.4ms)[0m  [1m[34mSELECT "users".* FROM "users"[0m
  Rendered users/index.html.erb within layouts/application (2.7ms)
Completed 200 OK in 37ms (Views: 34.8ms | ActiveRecord: 0.4ms)


Started DELETE "/users/1" for 127.0.0.1 at 2017-07-23 17:29:35 +0900
Processing by UsersController#destroy as HTML
  Parameters: {"authenticity_token"=>"Jh2IIxv6V8WiLytn5+Yaz4BA4XUQo4z4a7pALveadQBOAXxDR29kII2/pRvQFkPCUt76xQCGZTLXpGum53CIGA==", "id"=>"1"}
  [1m[36mUser Load (0.7ms)[0m  [1m[34mSELECT  "users".* FROM "users" WHERE "users"."id" = ? LIMIT ?[0m  [["id", 1], ["LIMIT", 1]]
  [1m[35m (0.3ms)[0m  [1m[36mbegin transaction[0m
  [1m[35mSQL (3.1ms)[0m  [1m[31mDELETE FROM "users" WHERE "users"."id" = ?[0m  [["id", 1]]
  [1m[35m (0.9ms)[0m  [1m[36mcommit transaction[0m
Redirected to http://localhost:3000/users
Completed 302 Found in 14ms (ActiveRecord: 4.9ms)


Started GET "/users" for 127.0.0.1 at 2017-07-23 17:29:35 +0900
Processing by UsersController#index as HTML
  Rendering users/index.html.erb within layouts/application
  [1m[36mUser Load (0.3ms)[0m  [1m[34mSELECT "users".* FROM "users"[0m
  Rendered users/index.html.erb within layouts/application (1.9ms)
Completed 200 OK in 34ms (Views: 30.6ms | ActiveRecord: 0.3ms)


Started GET "/users" for 127.0.0.1 at 2017-07-23 17:32:22 +0900
Processing by UsersController#index as HTML
  Rendering users/index.html.erb within layouts/application
  [1m[36mUser Load (0.2ms)[0m  [1m[34mSELECT "users".* FROM "users"[0m
  Rendered users/index.html.erb within layouts/application (1.5ms)
Completed 200 OK in 35ms (Views: 32.8ms | ActiveRecord: 0.2ms)


Started GET "/users/new" for 127.0.0.1 at 2017-07-23 17:49:58 +0900
Processing by UsersController#new as HTML
  Rendering users/new.html.erb within layouts/application
  Rendered users/_form.html.erb (20.4ms)
  Rendered users/new.html.erb within layouts/application (23.2ms)
Completed 200 OK in 57ms (Views: 55.5ms | ActiveRecord: 0.0ms)


Started POST "/users" for 127.0.0.1 at 2017-07-23 17:50:00 +0900
Processing by UsersController#create as HTML
  Parameters: {"utf8"=>"✓", "authenticity_token"=>"jNWwnv3IfATSt1aeMCdl+oHqGGnPyskiv61b0PtWmENrkfRyO4uhRadEQKjXlooVaFcTO8ysgIiBMmsjMDgzNw==", "user"=>{"name"=>"aaa", "email"=>"aaa"}, "commit"=>"Create User"}
  [1m[35m (0.1ms)[0m  [1m[36mbegin transaction[0m
  [1m[35mSQL (0.4ms)[0m  [1m[32mINSERT INTO "users" ("name", "email", "created_at", "updated_at") VALUES (?, ?, ?, ?)[0m  [["name", "aaa"], ["email", "aaa"], ["created_at", "2017-07-23 08:50:00.924736"], ["updated_at", "2017-07-23 08:50:00.924736"]]
  [1m[35m (0.6ms)[0m  [1m[36mcommit transaction[0m
Redirected to http://localhost:3000/users/2
Completed 302 Found in 7ms (ActiveRecord: 1.0ms)


Started GET "/users/2" for 127.0.0.1 at 2017-07-23 17:50:00 +0900
Processing by UsersController#show as HTML
  Parameters: {"id"=>"2"}
  [1m[36mUser Load (0.1ms)[0m  [1m[34mSELECT  "users".* FROM "users" WHERE "users"."id" = ? LIMIT ?[0m  [["id", 2], ["LIMIT", 1]]
  Rendering users/show.html.erb within layouts/application
  Rendered users/show.html.erb within layouts/application (0.6ms)
Completed 200 OK in 23ms (Views: 19.4ms | ActiveRecord: 0.1ms)


Started GET "/users" for 127.0.0.1 at 2017-07-23 17:50:04 +0900
Processing by UsersController#index as HTML
  Rendering users/index.html.erb within layouts/application
  [1m[36mUser Load (0.2ms)[0m  [1m[34mSELECT "users".* FROM "users"[0m
  Rendered users/index.html.erb within layouts/application (2.7ms)
Completed 200 OK in 39ms (Views: 30.8ms | ActiveRecord: 0.2ms)


Started GET "/users/2" for 127.0.0.1 at 2017-07-23 17:50:08 +0900
Processing by UsersController#show as HTML
  Parameters: {"id"=>"2"}
  [1m[36mUser Load (0.1ms)[0m  [1m[34mSELECT  "users".* FROM "users" WHERE "users"."id" = ? LIMIT ?[0m  [["id", 2], ["LIMIT", 1]]
  Rendering users/show.html.erb within layouts/application
  Rendered users/show.html.erb within layouts/application (0.6ms)
Completed 200 OK in 18ms (Views: 16.3ms | ActiveRecord: 0.1ms)


Started GET "/users/2/edit" for 127.0.0.1 at 2017-07-23 17:50:45 +0900
Processing by UsersController#edit as HTML
  Parameters: {"id"=>"2"}
  [1m[36mUser Load (0.2ms)[0m  [1m[34mSELECT  "users".* FROM "users" WHERE "users"."id" = ? LIMIT ?[0m  [["id", 2], ["LIMIT", 1]]
  Rendering users/edit.html.erb within layouts/application
  Rendered users/_form.html.erb (2.9ms)
  Rendered users/edit.html.erb within layouts/application (5.8ms)
Completed 200 OK in 34ms (Views: 24.9ms | ActiveRecord: 0.2ms)


  [1m[36mActiveRecord::SchemaMigration Load (0.1ms)[0m  [1m[34mSELECT "schema_migrations".* FROM "schema_migrations"[0m
Migrating to CreateMicroposts (20170723085508)
  [1m[35m (0.1ms)[0m  [1m[36mbegin transaction[0m
  [1m[35m (0.5ms)[0m  [1m[35mCREATE TABLE "microposts" ("id" INTEGER PRIMARY KEY AUTOINCREMENT NOT NULL, "content" text, "user_id" integer, "created_at" datetime NOT NULL, "updated_at" datetime NOT NULL)[0m
  [1m[35mSQL (0.2ms)[0m  [1m[32mINSERT INTO "schema_migrations" ("version") VALUES (?)[0m  [["version", "20170723085508"]]
  [1m[35m (0.9ms)[0m  [1m[36mcommit transaction[0m
  [1m[36mActiveRecord::InternalMetadata Load (0.1ms)[0m  [1m[34mSELECT  "ar_internal_metadata".* FROM "ar_internal_metadata" WHERE "ar_internal_metadata"."key" = ? LIMIT ?[0m  [["key", "environment"], ["LIMIT", 1]]
  [1m[35m (0.0ms)[0m  [1m[36mbegin transaction[0m
  [1m[35m (0.0ms)[0m  [1m[36mcommit transaction[0m
  [1m[36mActiveRecord::SchemaMigration Load (0.1ms)[0m  [1m[34mSELECT "schema_migrations".* FROM "schema_migrations"[0m
Started GET "/microposts" for 127.0.0.1 at 2017-07-23 18:05:52 +0900
  [1m[36mActiveRecord::SchemaMigration Load (0.1ms)[0m  [1m[34mSELECT "schema_migrations".* FROM "schema_migrations"[0m
Processing by MicropostsController#index as HTML
  Rendering microposts/index.html.erb within layouts/application
  [1m[36mMicropost Load (0.1ms)[0m  [1m[34mSELECT "microposts".* FROM "microposts"[0m
  Rendered microposts/index.html.erb within layouts/application (2.3ms)
Completed 200 OK in 104ms (Views: 98.8ms | ActiveRecord: 0.4ms)


Started GET "/microposts/new" for 127.0.0.1 at 2017-07-23 18:05:55 +0900
Processing by MicropostsController#new as HTML
  Rendering microposts/new.html.erb within layouts/application
  Rendered microposts/_form.html.erb (11.0ms)
  Rendered microposts/new.html.erb within layouts/application (13.2ms)
Completed 200 OK in 46ms (Views: 34.0ms | ActiveRecord: 0.4ms)


Started POST "/microposts" for 127.0.0.1 at 2017-07-23 18:06:13 +0900
Processing by MicropostsController#create as HTML
  Parameters: {"utf8"=>"✓", "authenticity_token"=>"sUOaDKlZ52bD99ebx5CpDe8A4QUFN/Vj0xEG6u63i8d3z/T1AuOJHbcbdm37OseYqZDYIEiFU445ERuiY3AuQw==", "micropost"=>{"content"=>"123456789012345678901234567890123456789012345678901234567890123456789012345678901234567890123456789012345678901234567890123456789012345678901234567890", "user_id"=>"1"}, "commit"=>"Create Micropost"}
  [1m[35m (0.3ms)[0m  [1m[36mbegin transaction[0m
  [1m[35m (0.0ms)[0m  [1m[31mrollback transaction[0m
  Rendering microposts/new.html.erb within layouts/application
  Rendered microposts/_form.html.erb (3.0ms)
  Rendered microposts/new.html.erb within layouts/application (4.6ms)
Completed 200 OK in 29ms (Views: 26.3ms | ActiveRecord: 0.3ms)


Started POST "/microposts" for 127.0.0.1 at 2017-07-23 18:06:19 +0900
Processing by MicropostsController#create as HTML
  Parameters: {"utf8"=>"✓", "authenticity_token"=>"6hezkl001IQ17aBGN9XfLM3sakjSprG3Vs8IuH8c+OuCC0fyAaHnYRp9LjoAJYYhH3Jx+MKDWH3q0SMwb/YF8w==", "micropost"=>{"content"=>"12345678901234567890123456789012345678901234567890123456789012345678901234567890123456789012345678901234567890123456789012345678901234567890", "user_id"=>"1"}, "commit"=>"Create Micropost"}
  [1m[35m (0.1ms)[0m  [1m[36mbegin transaction[0m
  [1m[35mSQL (4.2ms)[0m  [1m[32mINSERT INTO "microposts" ("content", "user_id", "created_at", "updated_at") VALUES (?, ?, ?, ?)[0m  [["content", "12345678901234567890123456789012345678901234567890123456789012345678901234567890123456789012345678901234567890123456789012345678901234567890"], ["user_id", 1], ["created_at", "2017-07-23 09:06:19.612172"], ["updated_at", "2017-07-23 09:06:19.612172"]]
  [1m[35m (1.1ms)[0m  [1m[36mcommit transaction[0m
Redirected to http://localhost:3000/microposts/1
Completed 302 Found in 9ms (ActiveRecord: 5.4ms)


Started GET "/microposts/1" for 127.0.0.1 at 2017-07-23 18:06:19 +0900
Processing by MicropostsController#show as HTML
  Parameters: {"id"=>"1"}
  [1m[36mMicropost Load (0.3ms)[0m  [1m[34mSELECT  "microposts".* FROM "microposts" WHERE "microposts"."id" = ? LIMIT ?[0m  [["id", 1], ["LIMIT", 1]]
  Rendering microposts/show.html.erb within layouts/application
  Rendered microposts/show.html.erb within layouts/application (0.7ms)
Completed 200 OK in 26ms (Views: 22.2ms | ActiveRecord: 0.3ms)


Started GET "/microposts" for 127.0.0.1 at 2017-07-23 18:06:23 +0900
Processing by MicropostsController#index as HTML
  Rendering microposts/index.html.erb within layouts/application
  [1m[36mMicropost Load (0.1ms)[0m  [1m[34mSELECT "microposts".* FROM "microposts"[0m
  Rendered microposts/index.html.erb within layouts/application (1.5ms)
Completed 200 OK in 23ms (Views: 21.3ms | ActiveRecord: 0.1ms)


Started GET "/microposts/new" for 127.0.0.1 at 2017-07-23 18:06:24 +0900
Processing by MicropostsController#new as HTML
  Rendering microposts/new.html.erb within layouts/application
  Rendered microposts/_form.html.erb (3.3ms)
  Rendered microposts/new.html.erb within layouts/application (5.1ms)
Completed 200 OK in 32ms (Views: 29.7ms | ActiveRecord: 0.0ms)


Started GET "/microposts/new" for 127.0.0.1 at 2017-07-23 18:11:19 +0900
Processing by MicropostsController#new as HTML
  Rendering microposts/new.html.erb within layouts/application
  Rendered microposts/_form.html.erb (7.9ms)
  Rendered microposts/new.html.erb within layouts/application (9.6ms)
Completed 200 OK in 48ms (Views: 33.3ms | ActiveRecord: 0.7ms)


Started GET "/microposts/new" for 127.0.0.1 at 2017-07-23 18:20:24 +0900
Processing by MicropostsController#new as HTML
Completed 500 Internal Server Error in 2ms (ActiveRecord: 0.0ms)


  
SyntaxError (/Users/kazuma/project/rails-Tutorial/app/models/micropost.rb:4: syntax error, unexpected ':', expecting keyword_end
    presence: true
             ^):
  
app/models/micropost.rb:4: syntax error, unexpected ':', expecting keyword_end
app/controllers/microposts_controller.rb:17:in `new'
  Rendering /Users/kazuma/.anyenv/envs/rbenv/versions/2.3.1/lib/ruby/gems/2.3.0/gems/actionpack-5.0.3/lib/action_dispatch/middleware/templates/rescues/diagnostics.html.erb within rescues/layout
  Rendering /Users/kazuma/.anyenv/envs/rbenv/versions/2.3.1/lib/ruby/gems/2.3.0/gems/actionpack-5.0.3/lib/action_dispatch/middleware/templates/rescues/_source.html.erb
  Rendered /Users/kazuma/.anyenv/envs/rbenv/versions/2.3.1/lib/ruby/gems/2.3.0/gems/actionpack-5.0.3/lib/action_dispatch/middleware/templates/rescues/_source.html.erb (3.2ms)
  Rendering /Users/kazuma/.anyenv/envs/rbenv/versions/2.3.1/lib/ruby/gems/2.3.0/gems/actionpack-5.0.3/lib/action_dispatch/middleware/templates/rescues/_trace.html.erb
  Rendered /Users/kazuma/.anyenv/envs/rbenv/versions/2.3.1/lib/ruby/gems/2.3.0/gems/actionpack-5.0.3/lib/action_dispatch/middleware/templates/rescues/_trace.html.erb (1.8ms)
  Rendering /Users/kazuma/.anyenv/envs/rbenv/versions/2.3.1/lib/ruby/gems/2.3.0/gems/actionpack-5.0.3/lib/action_dispatch/middleware/templates/rescues/_request_and_response.html.erb
  Rendered /Users/kazuma/.anyenv/envs/rbenv/versions/2.3.1/lib/ruby/gems/2.3.0/gems/actionpack-5.0.3/lib/action_dispatch/middleware/templates/rescues/_request_and_response.html.erb (0.9ms)
  Rendered /Users/kazuma/.anyenv/envs/rbenv/versions/2.3.1/lib/ruby/gems/2.3.0/gems/actionpack-5.0.3/lib/action_dispatch/middleware/templates/rescues/diagnostics.html.erb within rescues/layout (94.5ms)
Started GET "/microposts/new" for 127.0.0.1 at 2017-07-23 18:20:38 +0900
Processing by MicropostsController#new as HTML
Completed 500 Internal Server Error in 1ms (ActiveRecord: 0.0ms)


  
SyntaxError (/Users/kazuma/project/rails-Tutorial/app/models/micropost.rb:4: syntax error, unexpected ':', expecting keyword_end
                presence: true
                         ^):
  
app/models/micropost.rb:4: syntax error, unexpected ':', expecting keyword_end
app/controllers/microposts_controller.rb:17:in `new'
  Rendering /Users/kazuma/.anyenv/envs/rbenv/versions/2.3.1/lib/ruby/gems/2.3.0/gems/actionpack-5.0.3/lib/action_dispatch/middleware/templates/rescues/diagnostics.html.erb within rescues/layout
  Rendering /Users/kazuma/.anyenv/envs/rbenv/versions/2.3.1/lib/ruby/gems/2.3.0/gems/actionpack-5.0.3/lib/action_dispatch/middleware/templates/rescues/_source.html.erb
  Rendered /Users/kazuma/.anyenv/envs/rbenv/versions/2.3.1/lib/ruby/gems/2.3.0/gems/actionpack-5.0.3/lib/action_dispatch/middleware/templates/rescues/_source.html.erb (3.6ms)
  Rendering /Users/kazuma/.anyenv/envs/rbenv/versions/2.3.1/lib/ruby/gems/2.3.0/gems/actionpack-5.0.3/lib/action_dispatch/middleware/templates/rescues/_trace.html.erb
  Rendered /Users/kazuma/.anyenv/envs/rbenv/versions/2.3.1/lib/ruby/gems/2.3.0/gems/actionpack-5.0.3/lib/action_dispatch/middleware/templates/rescues/_trace.html.erb (1.6ms)
  Rendering /Users/kazuma/.anyenv/envs/rbenv/versions/2.3.1/lib/ruby/gems/2.3.0/gems/actionpack-5.0.3/lib/action_dispatch/middleware/templates/rescues/_request_and_response.html.erb
  Rendered /Users/kazuma/.anyenv/envs/rbenv/versions/2.3.1/lib/ruby/gems/2.3.0/gems/actionpack-5.0.3/lib/action_dispatch/middleware/templates/rescues/_request_and_response.html.erb (0.8ms)
  Rendered /Users/kazuma/.anyenv/envs/rbenv/versions/2.3.1/lib/ruby/gems/2.3.0/gems/actionpack-5.0.3/lib/action_dispatch/middleware/templates/rescues/diagnostics.html.erb within rescues/layout (83.4ms)
Started GET "/microposts/new" for 127.0.0.1 at 2017-07-23 18:21:30 +0900
Processing by MicropostsController#new as HTML
Completed 500 Internal Server Error in 17ms (ActiveRecord: 0.4ms)


  
NoMethodError (undefined method `vaslidates' for #<Class:0x007f99e10fa820>
Did you mean?  validates
               validates!
               validate
               validators):
  
app/models/micropost.rb:3:in `<class:Micropost>'
app/models/micropost.rb:1:in `<top (required)>'
app/controllers/microposts_controller.rb:17:in `new'
  Rendering /Users/kazuma/.anyenv/envs/rbenv/versions/2.3.1/lib/ruby/gems/2.3.0/gems/actionpack-5.0.3/lib/action_dispatch/middleware/templates/rescues/diagnostics.html.erb within rescues/layout
  Rendering /Users/kazuma/.anyenv/envs/rbenv/versions/2.3.1/lib/ruby/gems/2.3.0/gems/actionpack-5.0.3/lib/action_dispatch/middleware/templates/rescues/_source.html.erb
  Rendered /Users/kazuma/.anyenv/envs/rbenv/versions/2.3.1/lib/ruby/gems/2.3.0/gems/actionpack-5.0.3/lib/action_dispatch/middleware/templates/rescues/_source.html.erb (3.6ms)
  Rendering /Users/kazuma/.anyenv/envs/rbenv/versions/2.3.1/lib/ruby/gems/2.3.0/gems/actionpack-5.0.3/lib/action_dispatch/middleware/templates/rescues/_trace.html.erb
  Rendered /Users/kazuma/.anyenv/envs/rbenv/versions/2.3.1/lib/ruby/gems/2.3.0/gems/actionpack-5.0.3/lib/action_dispatch/middleware/templates/rescues/_trace.html.erb (1.7ms)
  Rendering /Users/kazuma/.anyenv/envs/rbenv/versions/2.3.1/lib/ruby/gems/2.3.0/gems/actionpack-5.0.3/lib/action_dispatch/middleware/templates/rescues/_request_and_response.html.erb
  Rendered /Users/kazuma/.anyenv/envs/rbenv/versions/2.3.1/lib/ruby/gems/2.3.0/gems/actionpack-5.0.3/lib/action_dispatch/middleware/templates/rescues/_request_and_response.html.erb (0.8ms)
  Rendered /Users/kazuma/.anyenv/envs/rbenv/versions/2.3.1/lib/ruby/gems/2.3.0/gems/actionpack-5.0.3/lib/action_dispatch/middleware/templates/rescues/diagnostics.html.erb within rescues/layout (85.9ms)
Started GET "/microposts/new" for 127.0.0.1 at 2017-07-23 18:21:33 +0900
Processing by MicropostsController#new as HTML
Completed 500 Internal Server Error in 16ms (ActiveRecord: 0.0ms)


  
NoMethodError (undefined method `vaslidates' for #<Class:0x007f99e9186a48>
Did you mean?  validates
               validates!
               validate
               validators):
  
app/models/micropost.rb:3:in `<class:Micropost>'
app/models/micropost.rb:1:in `<top (required)>'
app/controllers/microposts_controller.rb:17:in `new'
  Rendering /Users/kazuma/.anyenv/envs/rbenv/versions/2.3.1/lib/ruby/gems/2.3.0/gems/actionpack-5.0.3/lib/action_dispatch/middleware/templates/rescues/diagnostics.html.erb within rescues/layout
  Rendering /Users/kazuma/.anyenv/envs/rbenv/versions/2.3.1/lib/ruby/gems/2.3.0/gems/actionpack-5.0.3/lib/action_dispatch/middleware/templates/rescues/_source.html.erb
  Rendered /Users/kazuma/.anyenv/envs/rbenv/versions/2.3.1/lib/ruby/gems/2.3.0/gems/actionpack-5.0.3/lib/action_dispatch/middleware/templates/rescues/_source.html.erb (3.2ms)
  Rendering /Users/kazuma/.anyenv/envs/rbenv/versions/2.3.1/lib/ruby/gems/2.3.0/gems/actionpack-5.0.3/lib/action_dispatch/middleware/templates/rescues/_trace.html.erb
  Rendered /Users/kazuma/.anyenv/envs/rbenv/versions/2.3.1/lib/ruby/gems/2.3.0/gems/actionpack-5.0.3/lib/action_dispatch/middleware/templates/rescues/_trace.html.erb (1.6ms)
  Rendering /Users/kazuma/.anyenv/envs/rbenv/versions/2.3.1/lib/ruby/gems/2.3.0/gems/actionpack-5.0.3/lib/action_dispatch/middleware/templates/rescues/_request_and_response.html.erb
  Rendered /Users/kazuma/.anyenv/envs/rbenv/versions/2.3.1/lib/ruby/gems/2.3.0/gems/actionpack-5.0.3/lib/action_dispatch/middleware/templates/rescues/_request_and_response.html.erb (0.7ms)
  Rendered /Users/kazuma/.anyenv/envs/rbenv/versions/2.3.1/lib/ruby/gems/2.3.0/gems/actionpack-5.0.3/lib/action_dispatch/middleware/templates/rescues/diagnostics.html.erb within rescues/layout (83.5ms)
Started GET "/microposts/new" for 127.0.0.1 at 2017-07-23 18:21:44 +0900
Processing by MicropostsController#new as HTML
Completed 500 Internal Server Error in 16ms (ActiveRecord: 0.5ms)


  
NoMethodError (undefined method `vaslidates' for #<Class:0x007f99e72dddd0>
Did you mean?  validates
               validates!
               validate
               validators):
  
app/models/micropost.rb:3:in `<class:Micropost>'
app/models/micropost.rb:1:in `<top (required)>'
app/controllers/microposts_controller.rb:17:in `new'
  Rendering /Users/kazuma/.anyenv/envs/rbenv/versions/2.3.1/lib/ruby/gems/2.3.0/gems/actionpack-5.0.3/lib/action_dispatch/middleware/templates/rescues/diagnostics.html.erb within rescues/layout
  Rendering /Users/kazuma/.anyenv/envs/rbenv/versions/2.3.1/lib/ruby/gems/2.3.0/gems/actionpack-5.0.3/lib/action_dispatch/middleware/templates/rescues/_source.html.erb
  Rendered /Users/kazuma/.anyenv/envs/rbenv/versions/2.3.1/lib/ruby/gems/2.3.0/gems/actionpack-5.0.3/lib/action_dispatch/middleware/templates/rescues/_source.html.erb (3.0ms)
  Rendering /Users/kazuma/.anyenv/envs/rbenv/versions/2.3.1/lib/ruby/gems/2.3.0/gems/actionpack-5.0.3/lib/action_dispatch/middleware/templates/rescues/_trace.html.erb
  Rendered /Users/kazuma/.anyenv/envs/rbenv/versions/2.3.1/lib/ruby/gems/2.3.0/gems/actionpack-5.0.3/lib/action_dispatch/middleware/templates/rescues/_trace.html.erb (1.6ms)
  Rendering /Users/kazuma/.anyenv/envs/rbenv/versions/2.3.1/lib/ruby/gems/2.3.0/gems/actionpack-5.0.3/lib/action_dispatch/middleware/templates/rescues/_request_and_response.html.erb
  Rendered /Users/kazuma/.anyenv/envs/rbenv/versions/2.3.1/lib/ruby/gems/2.3.0/gems/actionpack-5.0.3/lib/action_dispatch/middleware/templates/rescues/_request_and_response.html.erb (0.8ms)
  Rendered /Users/kazuma/.anyenv/envs/rbenv/versions/2.3.1/lib/ruby/gems/2.3.0/gems/actionpack-5.0.3/lib/action_dispatch/middleware/templates/rescues/diagnostics.html.erb within rescues/layout (84.0ms)
Started GET "/microposts/new" for 127.0.0.1 at 2017-07-23 18:21:46 +0900
Processing by MicropostsController#new as HTML
Completed 500 Internal Server Error in 18ms (ActiveRecord: 0.0ms)


  
NoMethodError (undefined method `vaslidates' for #<Class:0x007f99e746b760>
Did you mean?  validates
               validates!
               validate
               validators):
  
app/models/micropost.rb:3:in `<class:Micropost>'
app/models/micropost.rb:1:in `<top (required)>'
app/controllers/microposts_controller.rb:17:in `new'
  Rendering /Users/kazuma/.anyenv/envs/rbenv/versions/2.3.1/lib/ruby/gems/2.3.0/gems/actionpack-5.0.3/lib/action_dispatch/middleware/templates/rescues/diagnostics.html.erb within rescues/layout
  Rendering /Users/kazuma/.anyenv/envs/rbenv/versions/2.3.1/lib/ruby/gems/2.3.0/gems/actionpack-5.0.3/lib/action_dispatch/middleware/templates/rescues/_source.html.erb
  Rendered /Users/kazuma/.anyenv/envs/rbenv/versions/2.3.1/lib/ruby/gems/2.3.0/gems/actionpack-5.0.3/lib/action_dispatch/middleware/templates/rescues/_source.html.erb (3.1ms)
  Rendering /Users/kazuma/.anyenv/envs/rbenv/versions/2.3.1/lib/ruby/gems/2.3.0/gems/actionpack-5.0.3/lib/action_dispatch/middleware/templates/rescues/_trace.html.erb
  Rendered /Users/kazuma/.anyenv/envs/rbenv/versions/2.3.1/lib/ruby/gems/2.3.0/gems/actionpack-5.0.3/lib/action_dispatch/middleware/templates/rescues/_trace.html.erb (1.6ms)
  Rendering /Users/kazuma/.anyenv/envs/rbenv/versions/2.3.1/lib/ruby/gems/2.3.0/gems/actionpack-5.0.3/lib/action_dispatch/middleware/templates/rescues/_request_and_response.html.erb
  Rendered /Users/kazuma/.anyenv/envs/rbenv/versions/2.3.1/lib/ruby/gems/2.3.0/gems/actionpack-5.0.3/lib/action_dispatch/middleware/templates/rescues/_request_and_response.html.erb (0.7ms)
  Rendered /Users/kazuma/.anyenv/envs/rbenv/versions/2.3.1/lib/ruby/gems/2.3.0/gems/actionpack-5.0.3/lib/action_dispatch/middleware/templates/rescues/diagnostics.html.erb within rescues/layout (81.6ms)
Started GET "/microposts/new" for 127.0.0.1 at 2017-07-23 18:22:13 +0900
Processing by MicropostsController#new as HTML
  Rendering microposts/new.html.erb within layouts/application
  Rendered microposts/_form.html.erb (2.6ms)
  Rendered microposts/new.html.erb within layouts/application (4.7ms)
Completed 200 OK in 46ms (Views: 31.5ms | ActiveRecord: 0.7ms)


Started GET "/microposts/new" for 127.0.0.1 at 2017-07-23 18:23:42 +0900
Processing by MicropostsController#new as HTML
  Rendering microposts/new.html.erb within layouts/application
  Rendered microposts/_form.html.erb (2.0ms)
  Rendered microposts/new.html.erb within layouts/application (4.0ms)
Completed 200 OK in 32ms (Views: 29.2ms | ActiveRecord: 0.0ms)


Started POST "/microposts" for 127.0.0.1 at 2017-07-23 18:23:44 +0900
Processing by MicropostsController#create as HTML
  Parameters: {"utf8"=>"✓", "authenticity_token"=>"M8liZP+LvFaQSKknz2w87whGnElwl9+QFPXIa7ObnpVb1ZYEox6Ps7/YJ1v4nGXi2tiH+WCyNlqo6+Pjo3FjjQ==", "micropost"=>{"content"=>"", "user_id"=>""}, "commit"=>"Create Micropost"}
  [1m[35m (0.2ms)[0m  [1m[36mbegin transaction[0m
  [1m[35m (0.1ms)[0m  [1m[31mrollback transaction[0m
  Rendering microposts/new.html.erb within layouts/application
  Rendered microposts/_form.html.erb (3.7ms)
  Rendered microposts/new.html.erb within layouts/application (5.5ms)
Completed 200 OK in 49ms (Views: 26.5ms | ActiveRecord: 0.3ms)


Started POST "/microposts" for 127.0.0.1 at 2017-07-23 18:23:54 +0900
Processing by MicropostsController#create as HTML
  Parameters: {"utf8"=>"✓", "authenticity_token"=>"1dzgFw76VGdwp66ADAZdEoIipUpHWdHeapDvrD30NDi9wBR3Um9ngl83IPw79gQfULy++ld8OBTWjsQkLR7JIA==", "micropost"=>{"content"=>"", "user_id"=>"1"}, "commit"=>"Create Micropost"}
  [1m[35m (0.1ms)[0m  [1m[36mbegin transaction[0m
  [1m[36mUser Load (0.1ms)[0m  [1m[34mSELECT  "users".* FROM "users" WHERE "users"."id" = ? LIMIT ?[0m  [["id", 1], ["LIMIT", 1]]
  [1m[35m (0.1ms)[0m  [1m[31mrollback transaction[0m
  Rendering microposts/new.html.erb within layouts/application
  Rendered microposts/_form.html.erb (3.2ms)
  Rendered microposts/new.html.erb within layouts/application (4.9ms)
Completed 200 OK in 51ms (Views: 33.7ms | ActiveRecord: 0.8ms)


Started POST "/microposts" for 127.0.0.1 at 2017-07-23 18:23:56 +0900
Processing by MicropostsController#create as HTML
  Parameters: {"utf8"=>"✓", "authenticity_token"=>"Q1UbLRYmodzTdqdkfXSMeQxR5w+YvP5MgsTxKOZWBlcrSe9NSrOSOfzmKRhKhNV03s/8v4iZF4Y+2tqg9rz7Tw==", "micropost"=>{"content"=>"1", "user_id"=>"1"}, "commit"=>"Create Micropost"}
  [1m[35m (0.1ms)[0m  [1m[36mbegin transaction[0m
  [1m[36mUser Load (0.1ms)[0m  [1m[34mSELECT  "users".* FROM "users" WHERE "users"."id" = ? LIMIT ?[0m  [["id", 1], ["LIMIT", 1]]
  [1m[35m (0.1ms)[0m  [1m[31mrollback transaction[0m
  Rendering microposts/new.html.erb within layouts/application
  Rendered microposts/_form.html.erb (3.0ms)
  Rendered microposts/new.html.erb within layouts/application (5.1ms)
Completed 200 OK in 27ms (Views: 23.6ms | ActiveRecord: 0.2ms)


Started POST "/microposts" for 127.0.0.1 at 2017-07-23 18:24:00 +0900
Processing by MicropostsController#create as HTML
  Parameters: {"utf8"=>"✓", "authenticity_token"=>"Uo3F+a3TtLbroOg9QcXzMSFKItP1SzPltPHEXFaB0dw6kTGZ8UaHU8QwZkF2Nao889Q5Y+Vu2i8I7+/URmssxA==", "micropost"=>{"content"=>"1", "user_id"=>"1"}, "commit"=>"Create Micropost"}
  [1m[35m (0.2ms)[0m  [1m[36mbegin transaction[0m
  [1m[36mUser Load (0.1ms)[0m  [1m[34mSELECT  "users".* FROM "users" WHERE "users"."id" = ? LIMIT ?[0m  [["id", 1], ["LIMIT", 1]]
  [1m[35m (0.1ms)[0m  [1m[31mrollback transaction[0m
  Rendering microposts/new.html.erb within layouts/application
  Rendered microposts/_form.html.erb (2.7ms)
  Rendered microposts/new.html.erb within layouts/application (4.5ms)
Completed 200 OK in 28ms (Views: 24.6ms | ActiveRecord: 0.4ms)


Started GET "/users" for 127.0.0.1 at 2017-07-23 18:24:04 +0900
Processing by UsersController#index as HTML
  Rendering users/index.html.erb within layouts/application
  [1m[36mUser Load (0.2ms)[0m  [1m[34mSELECT "users".* FROM "users"[0m
  Rendered users/index.html.erb within layouts/application (6.1ms)
Completed 200 OK in 30ms (Views: 27.3ms | ActiveRecord: 0.3ms)


Started GET "/users/2" for 127.0.0.1 at 2017-07-23 18:24:07 +0900
Processing by UsersController#show as HTML
  Parameters: {"id"=>"2"}
  [1m[36mUser Load (0.3ms)[0m  [1m[34mSELECT  "users".* FROM "users" WHERE "users"."id" = ? LIMIT ?[0m  [["id", 2], ["LIMIT", 1]]
  Rendering users/show.html.erb within layouts/application
  Rendered users/show.html.erb within layouts/application (0.8ms)
Completed 200 OK in 47ms (Views: 37.5ms | ActiveRecord: 0.3ms)


Started GET "/microposts" for 127.0.0.1 at 2017-07-23 18:24:12 +0900
Processing by MicropostsController#index as HTML
  Rendering microposts/index.html.erb within layouts/application
  [1m[36mMicropost Load (0.1ms)[0m  [1m[34mSELECT "microposts".* FROM "microposts"[0m
  Rendered microposts/index.html.erb within layouts/application (1.6ms)
Completed 200 OK in 23ms (Views: 21.1ms | ActiveRecord: 0.1ms)


Started GET "/microposts/new" for 127.0.0.1 at 2017-07-23 18:24:15 +0900
Processing by MicropostsController#new as HTML
  Rendering microposts/new.html.erb within layouts/application
  Rendered microposts/_form.html.erb (2.5ms)
  Rendered microposts/new.html.erb within layouts/application (4.2ms)
Completed 200 OK in 29ms (Views: 26.6ms | ActiveRecord: 0.0ms)


Started POST "/microposts" for 127.0.0.1 at 2017-07-23 18:24:20 +0900
Processing by MicropostsController#create as HTML
  Parameters: {"utf8"=>"✓", "authenticity_token"=>"eSlqLURAhCvFyfazJUCbB4jLHygGp18vrFDFVOMAjwC/pQTU7/rqULElV0UZ6vWSzlsmDUsV+cJGUNgcbscqhA==", "micropost"=>{"content"=>"111", "user_id"=>"2"}, "commit"=>"Create Micropost"}
  [1m[35m (0.1ms)[0m  [1m[36mbegin transaction[0m
  [1m[36mUser Load (0.1ms)[0m  [1m[34mSELECT  "users".* FROM "users" WHERE "users"."id" = ? LIMIT ?[0m  [["id", 2], ["LIMIT", 1]]
  [1m[35mSQL (0.4ms)[0m  [1m[32mINSERT INTO "microposts" ("content", "user_id", "created_at", "updated_at") VALUES (?, ?, ?, ?)[0m  [["content", "111"], ["user_id", 2], ["created_at", "2017-07-23 09:24:20.059311"], ["updated_at", "2017-07-23 09:24:20.059311"]]
  [1m[35m (6.4ms)[0m  [1m[36mcommit transaction[0m
Redirected to http://localhost:3000/microposts/2
Completed 302 Found in 12ms (ActiveRecord: 7.0ms)


Started GET "/microposts/2" for 127.0.0.1 at 2017-07-23 18:24:20 +0900
Processing by MicropostsController#show as HTML
  Parameters: {"id"=>"2"}
  [1m[36mMicropost Load (0.3ms)[0m  [1m[34mSELECT  "microposts".* FROM "microposts" WHERE "microposts"."id" = ? LIMIT ?[0m  [["id", 2], ["LIMIT", 1]]
  Rendering microposts/show.html.erb within layouts/application
  Rendered microposts/show.html.erb within layouts/application (1.0ms)
Completed 200 OK in 24ms (Views: 20.6ms | ActiveRecord: 0.3ms)


Started GET "/microposts/2" for 127.0.0.1 at 2017-07-23 18:39:26 +0900
Processing by MicropostsController#show as HTML
  Parameters: {"id"=>"2"}
  [1m[36mMicropost Load (0.1ms)[0m  [1m[34mSELECT  "microposts".* FROM "microposts" WHERE "microposts"."id" = ? LIMIT ?[0m  [["id", 2], ["LIMIT", 1]]
  Rendering microposts/show.html.erb within layouts/application
  Rendered microposts/show.html.erb within layouts/application (0.8ms)
Completed 200 OK in 29ms (Views: 26.0ms | ActiveRecord: 0.1ms)


Started GET "/microposts/2" for 127.0.0.1 at 2017-07-23 18:40:13 +0900
Processing by MicropostsController#show as HTML
  Parameters: {"id"=>"2"}
  [1m[36mMicropost Load (0.1ms)[0m  [1m[34mSELECT  "microposts".* FROM "microposts" WHERE "microposts"."id" = ? LIMIT ?[0m  [["id", 2], ["LIMIT", 1]]
  Rendering microposts/show.html.erb within layouts/application
  Rendered microposts/show.html.erb within layouts/application (0.8ms)
Completed 200 OK in 31ms (Views: 28.6ms | ActiveRecord: 0.1ms)


Started GET "/microposts/2" for 127.0.0.1 at 2017-07-23 18:40:14 +0900
Processing by MicropostsController#show as HTML
  Parameters: {"id"=>"2"}
  [1m[36mMicropost Load (0.1ms)[0m  [1m[34mSELECT  "microposts".* FROM "microposts" WHERE "microposts"."id" = ? LIMIT ?[0m  [["id", 2], ["LIMIT", 1]]
  Rendering microposts/show.html.erb within layouts/application
  Rendered microposts/show.html.erb within layouts/application (1.1ms)
Completed 200 OK in 26ms (Views: 23.4ms | ActiveRecord: 0.1ms)


Started GET "/microposts/2" for 127.0.0.1 at 2017-07-23 18:40:15 +0900
Processing by MicropostsController#show as HTML
  Parameters: {"id"=>"2"}
  [1m[36mMicropost Load (0.3ms)[0m  [1m[34mSELECT  "microposts".* FROM "microposts" WHERE "microposts"."id" = ? LIMIT ?[0m  [["id", 2], ["LIMIT", 1]]
  Rendering microposts/show.html.erb within layouts/application
  Rendered microposts/show.html.erb within layouts/application (1.3ms)
Completed 200 OK in 26ms (Views: 22.9ms | ActiveRecord: 0.3ms)


Started GET "/microposts/2" for 127.0.0.1 at 2017-07-23 18:40:21 +0900
Processing by MicropostsController#show as HTML
  Parameters: {"id"=>"2"}
  [1m[36mMicropost Load (0.1ms)[0m  [1m[34mSELECT  "microposts".* FROM "microposts" WHERE "microposts"."id" = ? LIMIT ?[0m  [["id", 2], ["LIMIT", 1]]
  Rendering microposts/show.html.erb within layouts/application
  Rendered microposts/show.html.erb within layouts/application (0.7ms)
Completed 200 OK in 24ms (Views: 21.5ms | ActiveRecord: 0.1ms)


Started GET "/microposts" for 127.0.0.1 at 2017-07-23 18:40:32 +0900
Processing by MicropostsController#index as HTML
  Rendering microposts/index.html.erb within layouts/application
  [1m[36mMicropost Load (0.2ms)[0m  [1m[34mSELECT "microposts".* FROM "microposts"[0m
  Rendered microposts/index.html.erb within layouts/application (2.4ms)
Completed 200 OK in 33ms (Views: 25.5ms | ActiveRecord: 0.2ms)


